<?xml version="1.0" encoding="UTF-8"?>
<testng-results ignored="0" total="1" passed="1" failed="0" skipped="0">
  <reporter-output>
  </reporter-output>
  <suite started-at="2023-11-03T14:09:59 IST" name="Default suite" finished-at="2023-11-03T14:10:19 IST" duration-ms="20050">
    <groups>
    </groups>
    <test started-at="2023-11-03T14:09:59 IST" name="Default test" finished-at="2023-11-03T14:10:19 IST" duration-ms="20050">
      <class name="Testng.Datadrivenfb">
        <test-method is-config="true" signature="setup()[pri:0, instance:Testng.Datadrivenfb@41a0aa7d]" started-at="2023-11-03T14:09:59 IST" name="setup" finished-at="2023-11-03T14:10:03 IST" duration-ms="4574" status="PASS">
          <reporter-output>
          </reporter-output>
        </test-method> <!-- setup -->
        <test-method signature="test()[pri:0, instance:Testng.Datadrivenfb@41a0aa7d]" started-at="2023-11-03T14:10:03 IST" name="test" finished-at="2023-11-03T14:10:19 IST" duration-ms="15447" status="PASS">
          <reporter-output>
          </reporter-output>
        </test-method> <!-- test -->
      </class> <!-- Testng.Datadrivenfb -->
    </test> <!-- Default test -->
  </suite> <!-- Default suite -->
</testng-results>
